<?xml version="1.0" encoding="UTF-8"?>
<!-- Generated by org.testng.reporters.JUnitReportReporter -->
<testsuite skipped="0" hostname="Amits-MacBook-Pro.local" name="com.selenium2019.MouseHover" tests="1" failures="0" timestamp="20 Dec 2018 17:03:50 GMT" time="17.291" errors="0">
  <testcase name="UseMouseHover" time="17.291" classname="com.selenium2019.MouseHover"/>
</testsuite> <!-- com.selenium2019.MouseHover -->
