<?xml version="1.0" encoding="UTF-8"?>
<!-- Generated by org.testng.reporters.JUnitReportReporter -->
<testsuite skipped="0" hostname="Amits-MacBook-Pro.local" name="com.selenium2019.HandleMultipleWindow" tests="1" failures="0" timestamp="20 Dec 2018 17:03:50 GMT" time="27.062" errors="0">
  <testcase name="mulwin" time="27.062" classname="com.selenium2019.HandleMultipleWindow"/>
</testsuite> <!-- com.selenium2019.HandleMultipleWindow -->
