<?xml version="1.0" encoding="UTF-8"?>
<!-- Generated by org.testng.reporters.JUnitReportReporter -->
<testsuite skipped="0" hostname="Amits-MacBook-Pro.local" name="com.selenium2019.Example1" tests="1" failures="0" timestamp="24 Dec 2018 06:17:35 GMT" time="5.571" errors="0">
  <testcase name="EnterDataInTextBox" time="5.571" classname="com.selenium2019.Example1"/>
</testsuite> <!-- com.selenium2019.Example1 -->
