<?xml version="1.0" encoding="UTF-8"?>
<!-- Generated by org.testng.reporters.JUnitReportReporter -->
<testsuite skipped="0" hostname="Amits-MacBook-Pro.local" name="com.selenium2019.HandleMultipleWindow" tests="1" failures="0" timestamp="24 Dec 2018 05:57:10 GMT" time="20.376" errors="0">
  <testcase name="mulwin" time="20.376" classname="com.selenium2019.HandleMultipleWindow"/>
</testsuite> <!-- com.selenium2019.HandleMultipleWindow -->
